<?xml version="1.0" encoding="UTF-8"?>
<testsuite xmlns:xsi="http://www.w3.org/2001/XMLSchema-instance" xsi:noNamespaceSchemaLocation="https://maven.apache.org/surefire/maven-surefire-plugin/xsd/surefire-test-report-3.0.xsd" version="3.0" name="com.ntn.culinary.service.impl.AnnouncementImplServiceTest" time="1.026" tests="10" errors="0" skipped="1" failures="0">
  <properties>
[...]
</properties>
  <testcase name="testAddAnnouncement_WhenAnnouncementAlreadyExists_ShouldThrowConflictException" classname="com.ntn.culinary.service.impl.AnnouncementImplServiceTest" time="0.961">
    <system-err><![CDATA[WARNING: A Java agent has been loaded dynamically (C:\Users\Admin\.m2\repository\net\bytebuddy\byte-buddy-agent\1.14.15\byte-buddy-agent-1.14.15.jar)
WARNING: If a serviceability tool is in use, please run with -XX:+EnableDynamicAgentLoading to hide this warning
WARNING: If a serviceability tool is not in use, please run with -Djdk.instrument.traceUsage for more information
WARNING: Dynamic loading of agents will be disallowed by default in a future release
]]></system-err>
  </testcase>
  <testcase name="testAddAnnouncement_WhenInsertWinnerFails_ShouldThrowRuntimeException" classname="com.ntn.culinary.service.impl.AnnouncementImplServiceTest" time="0.011"/>
  <testcase name="testGetAllAnnouncements_WhenAnnouncementsExist_ReturnsAnnouncementResponses_" classname="com.ntn.culinary.service.impl.AnnouncementImplServiceTest" time="0.007"/>
  <testcase name="testAddAnnouncement_WhenValidRequest_ShouldInsertAnnouncementAndWinners" classname="com.ntn.culinary.service.impl.AnnouncementImplServiceTest" time="0.005"/>
  <testcase name="testGetAllAnnouncements_WhenContestEntryNotFound_ThrowsRuntimeException" classname="com.ntn.culinary.service.impl.AnnouncementImplServiceTest" time="0.004"/>
  <testcase name="testGetAllAnnouncements_WhenAnnouncementsExist_ReturnsAnnouncementResponses" classname="com.ntn.culinary.service.impl.AnnouncementImplServiceTest" time="0.004"/>
  <testcase name="testGetAllAnnouncements_WhenNoAnnouncements_ReturnsEmptyList" classname="com.ntn.culinary.service.impl.AnnouncementImplServiceTest" time="0.005"/>
  <testcase name="testUpdateAnnouncement_WhenValidRequest_ShouldUpdateAnnouncementAndWinners" classname="com.ntn.culinary.service.impl.AnnouncementImplServiceTest" time="0.0">
    <skipped message="void com.ntn.culinary.service.impl.AnnouncementImplServiceTest.testUpdateAnnouncement_WhenValidRequest_ShouldUpdateAnnouncementAndWinners() is @Disabled"/>
  </testcase>
  <testcase name="testAddAnnouncement_WhenContestDoesNotExist_ShouldThrowNotFoundException" classname="com.ntn.culinary.service.impl.AnnouncementImplServiceTest" time="0.003"/>
  <testcase name="testUpdateAnnouncement_WhenContestDoesNotExist_ShouldThrowNotFoundException" classname="com.ntn.culinary.service.impl.AnnouncementImplServiceTest" time="0.004"/>
</testsuite>